<?xml version="1.0" encoding="UTF-8"?>
<testsuite name="classes.ResidentTest" tests="1" skipped="0" failures="0" errors="0" timestamp="2022-09-18T21:19:11" hostname="DESKTOP-56ERFQU" time="0.0">
  <properties/>
  <testcase name="toString_residentCanGeneratePrintString" classname="classes.ResidentTest" time="0.0"/>
  <system-out><![CDATA[]]></system-out>
  <system-err><![CDATA[]]></system-err>
</testsuite>
