<?xml version="1.0" encoding="UTF-8"?>
<testsuite name="classes.HouseholdTest" tests="3" skipped="0" failures="0" errors="0" timestamp="2022-09-18T21:19:11" hostname="DESKTOP-56ERFQU" time="0.018">
  <properties/>
  <testcase name="toString_printsAddressAndNumberOfResidents" classname="classes.HouseholdTest" time="0.016"/>
  <testcase name="sortResidents_sortsByLastName_caseInsensitive" classname="classes.HouseholdTest" time="0.002"/>
  <testcase name="sortResidents_sortsByFirstNameAfterLastName_caseInsensitive" classname="classes.HouseholdTest" time="0.0"/>
  <system-out><![CDATA[]]></system-out>
  <system-err><![CDATA[]]></system-err>
</testsuite>
